<?xml version="1.0" encoding="UTF-8"?>
<!-- Generated by org.testng.reporters.JUnitReportReporter -->
<testsuite hostname="Dinesh" failures="0" tests="1" name="practice.BrowserInvoke" time="6.543" errors="0" timestamp="2025-05-09T20:29:54 IST" skipped="0">
  <testcase classname="practice.BrowserInvoke" name="browser" time="6.543"/>
</testsuite> <!-- practice.BrowserInvoke -->
