<?xml version="1.0" encoding="UTF-8"?>
<!-- Generated by org.testng.reporters.JUnitReportReporter -->
<testsuite hostname="Dinesh" failures="0" tests="1" name="practice.BrowserInvoke" time="9.257" errors="0" timestamp="2025-05-08T21:01:13 IST" skipped="0">
  <testcase classname="practice.BrowserInvoke" name="browser" time="9.257"/>
</testsuite> <!-- practice.BrowserInvoke -->
